#
# There is insufficient memory for the Java Runtime Environment to continue.
# Native memory allocation (mmap) failed to map 264241152 bytes for G1 virtual space
# Possible reasons:
#   The system is out of physical RAM or swap space
#   The process is running with CompressedOops enabled, and the Java Heap may be blocking the growth of the native heap
# Possible solutions:
#   Reduce memory load on the system
#   Increase physical memory or swap space
#   Check if swap backing store is full
#   Decrease Java heap size (-Xmx/-Xms)
#   Decrease number of Java threads
#   Decrease Java thread stack sizes (-Xss)
#   Set larger code cache with -XX:ReservedCodeCacheSize=
#   JVM is running with Zero Based Compressed Oops mode in which the Java heap is
#     placed in the first 32GB address space. The Java Heap base address is the
#     maximum limit for the native heap growth. Please use -XX:HeapBaseMinAddress
#     to set the Java Heap base and to place the Java Heap above 32GB virtual address.
# This output file may be truncated or incomplete.
#
#  Out of Memory Error (os_windows.cpp:3528), pid=83048, tid=84288
#
# JRE version:  (20.0.2+9) (build )
# Java VM: Java HotSpot(TM) 64-Bit Server VM (20.0.2+9-78, mixed mode, sharing, tiered, compressed oops, compressed class ptrs, g1 gc, windows-amd64)
# No core dump will be written. Minidumps are not enabled by default on client versions of Windows
#

---------------  S U M M A R Y ------------

Command Line: -Dfile.encoding=UTF-8 --module-path=C:\Users\ASUS PC\OneDrive\Documents\NetBeansProjects\Hotel Management System\build\classes hotel.management.system.Reception

Host: 11th Gen Intel(R) Core(TM) i5-11400H @ 2.70GHz, 12 cores, 15G,  Windows 11 , 64 bit Build 22621 (10.0.22621.2506)
Time: Wed Nov 29 22:15:58 2023 SE Asia Standard Time elapsed time: 0.008591 seconds (0d 0h 0m 0s)

---------------  T H R E A D  ---------------

Current thread (0x000002784d608910):  JavaThread "Unknown thread" [_thread_in_vm, id=84288, stack(0x0000009f31600000,0x0000009f31700000)]

Stack: [0x0000009f31600000,0x0000009f31700000]
Native frames: (J=compiled Java code, j=interpreted, Vv=VM code, C=native code)
V  [jvm.dll+0x6bc25a]
V  [jvm.dll+0x84971a]
V  [jvm.dll+0x84b315]
V  [jvm.dll+0x84ba13]
V  [jvm.dll+0x280e4f]
V  [jvm.dll+0x6b8fe9]
V  [jvm.dll+0x6adbca]
V  [jvm.dll+0x35b165]
V  [jvm.dll+0x363386]
V  [jvm.dll+0x3b400e]
V  [jvm.dll+0x3b4295]
V  [jvm.dll+0x32b86a]
V  [jvm.dll+0x32c68b]
V  [jvm.dll+0x8123df]
V  [jvm.dll+0x3c1261]
V  [jvm.dll+0x7fe103]
V  [jvm.dll+0x44ccaf]
V  [jvm.dll+0x44e621]
C  [jli.dll+0x5287]
C  [ucrtbase.dll+0x29363]
C  [KERNEL32.DLL+0x1257d]
C  [ntdll.dll+0x5aa58]


---------------  P R O C E S S  ---------------

Threads class SMR info:
_java_thread_list=0x00007fffecb6b118, length=0, elements={
}

Java Threads: ( => current thread )

Other Threads:
  0x000002784d67b8b0 WorkerThread "GC Thread#0" [stack: 0x0000009f31700000,0x0000009f31800000] [id=84260]
  0x000002784d68c380 ConcurrentGCThread "G1 Main Marker" [stack: 0x0000009f31800000,0x0000009f31900000] [id=67076]
  0x000002784d68cf50 WorkerThread "G1 Conc#0" [stack: 0x0000009f31900000,0x0000009f31a00000] [id=19904]

[error occurred during error reporting (printing all threads), id 0xc0000005, EXCEPTION_ACCESS_VIOLATION (0xc0000005) at pc=0x00007fffec34eea7]
VM state: not at safepoint (not fully initialized)

VM Mutex/Monitor currently owned by a thread:  ([mutex/lock_event])
[0x000002784d604430] Heap_lock - owner thread: 0x000002784d608910

Heap address: 0x0000000704400000, size: 4028 MB, Compressed Oops mode: Zero based, Oop shift amount: 3

CDS archive(s) mapped at: [0x0000000000000000-0x0000000000000000-0x0000000000000000), size 0, SharedBaseAddress: 0x0000000800000000, ArchiveRelocationMode: 1.
Narrow klass base: 0x0000000000000000, Narrow klass shift: 0, Narrow klass range: 0x0

GC Precious Log:
 CardTable entry size: 512
 Card Set container configuration: InlinePtr #cards 4 size 8 Array Of Cards #cards 16 size 48 Howl #buckets 8 coarsen threshold 3686 Howl Bitmap #cards 512 size 80 coarsen threshold 460 Card regions per heap region 1 cards per card region 4096

Heap:
 garbage-first heap   total 0K, used 0K [0x0000000704400000, 0x0000000800000000)
  region size 2048K, 0 young (0K), 0 survivors (0K)

[error occurred during error reporting (printing heap information), id 0xc0000005, EXCEPTION_ACCESS_VIOLATION (0xc0000005) at pc=0x00007fffec7247b9]
GC Heap History (0 events):
No events

Dll operation events (1 events):
Event: 0.005 Loaded shared library C:\Program Files\Java\jdk-20\bin\java.dll

Deoptimization events (0 events):
No events

Classes loaded (0 events):
No events

Classes unloaded (0 events):
No events

Classes redefined (0 events):
No events

Internal exceptions (0 events):
No events

VM Operations (0 events):
No events

Events (0 events):
No events


Dynamic libraries:
0x00007ff7228f0000 - 0x00007ff722900000 	C:\Program Files\Java\jdk-20\bin\java.exe
0x00007ff85fbd0000 - 0x00007ff85fde7000 	C:\Windows\SYSTEM32\ntdll.dll
0x00007ff85e8d0000 - 0x00007ff85e994000 	C:\Windows\System32\KERNEL32.DLL
0x00007ff85d390000 - 0x00007ff85d735000 	C:\Windows\System32\KERNELBASE.dll
0x00007ff85cf40000 - 0x00007ff85d051000 	C:\Windows\System32\ucrtbase.dll
0x00007ff8523b0000 - 0x00007ff8523cb000 	C:\Program Files\Java\jdk-20\bin\VCRUNTIME140.dll
0x00007ff8501e0000 - 0x00007ff8501f9000 	C:\Program Files\Java\jdk-20\bin\jli.dll
0x00007ff85d920000 - 0x00007ff85d9d1000 	C:\Windows\System32\ADVAPI32.dll
0x00007ff85daa0000 - 0x00007ff85db47000 	C:\Windows\System32\msvcrt.dll
0x00007ff85d9e0000 - 0x00007ff85da86000 	C:\Windows\System32\sechost.dll
0x00007ff85f970000 - 0x00007ff85fa87000 	C:\Windows\System32\RPCRT4.dll
0x00007ff85e530000 - 0x00007ff85e6de000 	C:\Windows\System32\USER32.dll
0x00007ff85d100000 - 0x00007ff85d126000 	C:\Windows\System32\win32u.dll
0x00007ff844fb0000 - 0x00007ff845243000 	C:\Windows\WinSxS\amd64_microsoft.windows.common-controls_6595b64144ccf1df_6.0.22621.2506_none_270c5ae97388e100\COMCTL32.dll
0x00007ff85f770000 - 0x00007ff85f799000 	C:\Windows\System32\GDI32.dll
0x00007ff85d130000 - 0x00007ff85d249000 	C:\Windows\System32\gdi32full.dll
0x00007ff85d060000 - 0x00007ff85d0fa000 	C:\Windows\System32\msvcp_win.dll
0x00007ff852b10000 - 0x00007ff852b1a000 	C:\Windows\SYSTEM32\VERSION.dll
0x00007ff85f060000 - 0x00007ff85f091000 	C:\Windows\System32\IMM32.DLL
0x00007ff8547a0000 - 0x00007ff8547ac000 	C:\Program Files\Java\jdk-20\bin\vcruntime140_1.dll
0x00007ff83efd0000 - 0x00007ff83f05e000 	C:\Program Files\Java\jdk-20\bin\msvcp140.dll
0x00007fffec010000 - 0x00007fffecca8000 	C:\Program Files\Java\jdk-20\bin\server\jvm.dll
0x00007ff854f50000 - 0x00007ff854f59000 	C:\Windows\SYSTEM32\WSOCK32.dll
0x00007ff8526d0000 - 0x00007ff852704000 	C:\Windows\SYSTEM32\WINMM.dll
0x00007ff85e7e0000 - 0x00007ff85e851000 	C:\Windows\System32\WS2_32.dll
0x00007ff85c030000 - 0x00007ff85c048000 	C:\Windows\SYSTEM32\kernel.appcore.dll
0x00007ff8525c0000 - 0x00007ff8525ca000 	C:\Program Files\Java\jdk-20\bin\jimage.dll
0x00007ff85a2a0000 - 0x00007ff85a4d3000 	C:\Windows\SYSTEM32\DBGHELP.DLL
0x00007ff85ecd0000 - 0x00007ff85f059000 	C:\Windows\System32\combase.dll
0x00007ff85db50000 - 0x00007ff85dc27000 	C:\Windows\System32\OLEAUT32.dll
0x00007ff8524b0000 - 0x00007ff8524e2000 	C:\Windows\SYSTEM32\dbgcore.DLL
0x00007ff85d250000 - 0x00007ff85d2ca000 	C:\Windows\System32\bcryptPrimitives.dll
0x00007ff847a50000 - 0x00007ff847a76000 	C:\Program Files\Java\jdk-20\bin\java.dll

dbghelp: loaded successfully - version: 4.0.5 - missing functions: none
symbol engine: initialized successfully - sym options: 0x614 - pdb path: .;C:\Program Files\Java\jdk-20\bin;C:\Windows\SYSTEM32;C:\Windows\WinSxS\amd64_microsoft.windows.common-controls_6595b64144ccf1df_6.0.22621.2506_none_270c5ae97388e100;C:\Program Files\Java\jdk-20\bin\server

VM Arguments:
jvm_args: -Dfile.encoding=UTF-8 --module-path=C:\Users\ASUS PC\OneDrive\Documents\NetBeansProjects\Hotel Management System\build\classes 
java_command: hotel.management.system.Reception
java_class_path (initial): C:\Users\ASUS PC\Downloads\mysql-connector-java-8.0.28.jar;C:\Users\ASUS PC\Downloads\rs2xml.jar;C:\Users\ASUS PC\OneDrive\Documents\NetBeansProjects\Hotel Management System\build\classes
Launcher Type: SUN_STANDARD

[Global flags]
     intx CICompilerCount                          = 4                                         {product} {ergonomic}
     uint ConcGCThreads                            = 3                                         {product} {ergonomic}
     uint G1ConcRefinementThreads                  = 10                                        {product} {ergonomic}
   size_t G1HeapRegionSize                         = 2097152                                   {product} {ergonomic}
    uintx GCDrainStackTargetSize                   = 64                                        {product} {ergonomic}
   size_t InitialHeapSize                          = 264241152                                 {product} {ergonomic}
   size_t MarkStackSize                            = 4194304                                   {product} {ergonomic}
   size_t MaxHeapSize                              = 4223664128                                {product} {ergonomic}
   size_t MinHeapDeltaBytes                        = 2097152                                   {product} {ergonomic}
   size_t MinHeapSize                              = 8388608                                   {product} {ergonomic}
    uintx NonNMethodCodeHeapSize                   = 5839372                                {pd product} {ergonomic}
    uintx NonProfiledCodeHeapSize                  = 122909434                              {pd product} {ergonomic}
    uintx ProfiledCodeHeapSize                     = 122909434                              {pd product} {ergonomic}
    uintx ReservedCodeCacheSize                    = 251658240                              {pd product} {ergonomic}
     bool SegmentedCodeCache                       = true                                      {product} {ergonomic}
   size_t SoftMaxHeapSize                          = 4223664128                             {manageable} {ergonomic}
     bool UseCompressedClassPointers               = true                           {product lp64_product} {ergonomic}
     bool UseCompressedOops                        = true                           {product lp64_product} {ergonomic}
     bool UseG1GC                                  = true                                      {product} {ergonomic}
     bool UseLargePagesIndividualAllocation        = false                                  {pd product} {ergonomic}

Logging:
Log output configuration:
 #0: stdout all=warning uptime,level,tags foldmultilines=false
 #1: stderr all=off uptime,level,tags foldmultilines=false

Environment Variables:
PATH=C:\Program Files\Python38\Scripts\;C:\Program Files\Python38\;C:\Program Files (x86)\VMware\VMware Player\bin\;C:\Program Files\Common Files\Oracle\Java\javapath;C:\Program Files (x86)\Common Files\Intel\Shared Libraries\redist\intel64\compiler;C:\Windows\system32;C:\Windows;C:\Windows\System32\Wbem;C:\Windows\System32\WindowsPowerShell\v1.0\;C:\Windows\System32\OpenSSH\;C:\Program Files (x86)\NVIDIA Corporation\PhysX\Common;C:\Program Files\NVIDIA Corporation\NVIDIA NvDLISR;C:\MinGW\bin;C:\MinGW\mingw32\bin;C:\Program Files\dotnet\;C:\Program Files\Java\jdk-20\bin;C:\Program Files\Git\cmd;C:\Program Files\nodejs\;C:\Program Files\Java\jdk-17\bin;C:\Program Files\MySQL\MySQL Server 8.0\bin;C:\Program Files\MySQL\MySQL Shell 8.0\bin\;C:\Users\ASUS PC\AppData\Local\Microsoft\WindowsApps;C:\Users\ASUS PC\AppData\Local\Programs\Microsoft VS Code\bin;C:\Users\ASUS PC\Downloads\flutter_windows_3.10.5-stable\flutter\bin;C:\Program Files (x86)\Brackets\;C:\Users\ASUS PC\.dotnet\tools;C:\Users\ASUS PC\AppData\Roaming\npm;C:\Users\ASUS PC\AppData\Local\GitHubDesktop\bin;C:\Program Files\JetBrains\IntelliJ IDEA Educational Edition 2022.2.2\bin;
USERNAME=ASUS PC
OS=Windows_NT
PROCESSOR_IDENTIFIER=Intel64 Family 6 Model 141 Stepping 1, GenuineIntel
TMP=C:\Users\ASUSPC~1\AppData\Local\Temp
TEMP=C:\Users\ASUSPC~1\AppData\Local\Temp




---------------  S Y S T E M  ---------------

OS:
 Windows 11 , 64 bit Build 22621 (10.0.22621.2506)
OS uptime: 2 days 2:08 hours

CPU: total 12 (initial active 12) (6 cores per cpu, 2 threads per core) family 6 model 141 stepping 1 microcode 0x34, cx8, cmov, fxsr, ht, mmx, 3dnowpref, sse, sse2, sse3, ssse3, sse4.1, sse4.2, popcnt, lzcnt, tsc, tscinvbit, avx, avx2, aes, erms, clmul, bmi1, bmi2, adx, avx512f, avx512dq, avx512cd, avx512bw, avx512vl, sha, fma, vzeroupper, avx512_vpopcntdq, avx512_vpclmulqdq, avx512_vaes, avx512_vnni, clflush, clflushopt, clwb, avx512_vbmi2, avx512_vbmi, rdtscp, rdpid, fsrm, gfni, avx512_bitalg, f16c, pku, cet_ibt, cet_ss, avx512_ifma

Memory: 4k page, system-wide physical 16106M (4153M free)
TotalPageFile size 44825M (AvailPageFile size 55M)
current process WorkingSet (physical memory assigned to process): 11M, peak: 11M
current process commit charge ("private bytes"): 64M, peak: 316M

vm_info: Java HotSpot(TM) 64-Bit Server VM (20.0.2+9-78) for windows-amd64 JRE (20.0.2+9-78), built on 2023-06-14T10:08:48Z by "mach5one" with MS VC++ 17.1 (VS2022)

END.
